Traceback (most recent call last):
  File "C:\dev\alkana-dashboard\src\db\connection.py", line 41, in test_connection
    print("\u2713 Database connection successful")
    ~~~~~^^^^^^^^^^^^^^^^^^^^^^^^^^^^^^^^^^^^
  File "C:\Python314\Lib\encodings\cp1252.py", line 19, in encode
    return codecs.charmap_encode(input,self.errors,encoding_table)[0]
           ~~~~~~~~~~~~~~~~~~~~~^^^^^^^^^^^^^^^^^^^^^^^^^^^^^^^^^^
UnicodeEncodeError: 'charmap' codec can't encode character '\u2713' in position 0: character maps to <undefined>

During handling of the above exception, another exception occurred:

Traceback (most recent call last):
  File "<frozen runpy>", line 198, in _run_module_as_main
  File "<frozen runpy>", line 88, in _run_code
  File "C:\dev\alkana-dashboard\src\main.py", line 159, in <module>
    main()
    ~~~~^^
  File "C:\dev\alkana-dashboard\src\main.py", line 155, in main
    commands[args.command]()
    ~~~~~~~~~~~~~~~~~~~~~~^^
  File "C:\dev\alkana-dashboard\src\main.py", line 87, in cmd_run
    if not test_connection():
           ~~~~~~~~~~~~~~~^^
  File "C:\dev\alkana-dashboard\src\db\connection.py", line 44, in test_connection
    print(f"\u2717 Database connection failed: {e}")
    ~~~~~^^^^^^^^^^^^^^^^^^^^^^^^^^^^^^^^^^^^^^
  File "C:\Python314\Lib\encodings\cp1252.py", line 19, in encode
    return codecs.charmap_encode(input,self.errors,encoding_table)[0]
           ~~~~~~~~~~~~~~~~~~~~~^^^^^^^^^^^^^^^^^^^^^^^^^^^^^^^^^^
UnicodeEncodeError: 'charmap' codec can't encode character '\u2717' in position 0: character maps to <undefined>

============================================================
ALKANA DASHBOARD - ELT PIPELINE
Started: 2025-12-26 13:32:50.700273
============================================================
